<?xml version="1.0" encoding="UTF-8"?>
<testng-results ignored="0" total="10" passed="9" failed="1" skipped="0">
  <reporter-output>
  </reporter-output>
  <suite started-at="2025-06-21T23:43:00 GMT+03:00" name="Default suite" finished-at="2025-06-21T23:44:11 GMT+03:00" duration-ms="71068">
    <groups>
    </groups>
    <test started-at="2025-06-21T23:43:00 GMT+03:00" name="Default test" finished-at="2025-06-21T23:44:11 GMT+03:00" duration-ms="71068">
      <class name="FinalProject.FinalProject.AppTest">
        <test-method is-config="true" signature="mySetup()[pri:0, instance:FinalProject.FinalProject.AppTest@10b9db7b]" started-at="2025-06-21T23:43:00 GMT+03:00" name="mySetup" finished-at="2025-06-21T23:43:00 GMT+03:00" duration-ms="43" status="PASS">
          <reporter-output>
          </reporter-output>
        </test-method> <!-- mySetup -->
        <test-method signature="GetUrl()[pri:1, instance:FinalProject.FinalProject.AppTest@10b9db7b]" started-at="2025-06-21T23:43:00 GMT+03:00" name="GetUrl" finished-at="2025-06-21T23:43:02 GMT+03:00" duration-ms="1998" status="PASS">
          <reporter-output>
          </reporter-output>
        </test-method> <!-- GetUrl -->
        <test-method signature="userRegistrationProsses()[pri:2, instance:FinalProject.FinalProject.AppTest@10b9db7b]" started-at="2025-06-21T23:43:02 GMT+03:00" name="userRegistrationProsses" finished-at="2025-06-21T23:43:10 GMT+03:00" duration-ms="8106" status="PASS">
          <reporter-output>
          </reporter-output>
        </test-method> <!-- userRegistrationProsses -->
        <test-method signature="sign_in()[pri:3, instance:FinalProject.FinalProject.AppTest@10b9db7b]" started-at="2025-06-21T23:43:10 GMT+03:00" name="sign_in" finished-at="2025-06-21T23:43:18 GMT+03:00" duration-ms="7538" status="PASS">
          <reporter-output>
          </reporter-output>
        </test-method> <!-- sign_in -->
        <test-method signature="productDetails()[pri:4, instance:FinalProject.FinalProject.AppTest@10b9db7b]" started-at="2025-06-21T23:43:18 GMT+03:00" name="productDetails" finished-at="2025-06-21T23:43:21 GMT+03:00" duration-ms="2982" status="PASS">
          <reporter-output>
          </reporter-output>
        </test-method> <!-- productDetails -->
        <test-method signature="AddingProductstoCart()[pri:5, instance:FinalProject.FinalProject.AppTest@10b9db7b]" started-at="2025-06-21T23:43:21 GMT+03:00" name="AddingProductstoCart" finished-at="2025-06-21T23:43:35 GMT+03:00" duration-ms="13932" status="PASS">
          <reporter-output>
          </reporter-output>
        </test-method> <!-- AddingProductstoCart -->
        <test-method signature="ViewingandModifyingtheCart()[pri:6, instance:FinalProject.FinalProject.AppTest@10b9db7b]" started-at="2025-06-21T23:43:35 GMT+03:00" name="ViewingandModifyingtheCart" finished-at="2025-06-21T23:43:54 GMT+03:00" duration-ms="19525" status="PASS">
          <reporter-output>
          </reporter-output>
        </test-method> <!-- ViewingandModifyingtheCart -->
        <test-method signature="ProceedingtoCheckout()[pri:7, instance:FinalProject.FinalProject.AppTest@10b9db7b]" started-at="2025-06-21T23:43:54 GMT+03:00" name="ProceedingtoCheckout" finished-at="2025-06-21T23:43:59 GMT+03:00" duration-ms="4370" status="PASS">
          <reporter-output>
          </reporter-output>
        </test-method> <!-- ProceedingtoCheckout -->
        <test-method signature="PrivacyPolicyAccessibility()[pri:8, instance:FinalProject.FinalProject.AppTest@10b9db7b]" started-at="2025-06-21T23:43:59 GMT+03:00" name="PrivacyPolicyAccessibility" finished-at="2025-06-21T23:44:02 GMT+03:00" duration-ms="3697" status="PASS">
          <reporter-output>
          </reporter-output>
        </test-method> <!-- PrivacyPolicyAccessibility -->
        <test-method signature="ContactUsPage()[pri:9, instance:FinalProject.FinalProject.AppTest@10b9db7b]" started-at="2025-06-21T23:44:02 GMT+03:00" name="ContactUsPage" finished-at="2025-06-21T23:44:06 GMT+03:00" duration-ms="3280" status="FAIL">
          <exception class="java.lang.AssertionError">
            <message>
              <![CDATA[expected [contact us] but found [404 Not Found]]]>
            </message>
            <full-stacktrace>
              <![CDATA[java.lang.AssertionError: expected [contact us] but found [404 Not Found]
at org.testng.Assert.fail(Assert.java:99)
at org.testng.Assert.failNotEquals(Assert.java:1037)
at org.testng.Assert.assertEqualsImpl(Assert.java:140)
at org.testng.Assert.assertEquals(Assert.java:122)
at org.testng.Assert.assertEquals(Assert.java:629)
at org.testng.Assert.assertEquals(Assert.java:639)
at FinalProject.FinalProject.AppTest.ContactUsPage(AppTest.java:171)
at java.base/jdk.internal.reflect.DirectMethodHandleAccessor.invoke(DirectMethodHandleAccessor.java:103)
at java.base/java.lang.reflect.Method.invoke(Method.java:580)
at org.testng.internal.MethodInvocationHelper.invokeMethod(MethodInvocationHelper.java:133)
at org.testng.internal.TestInvoker.invokeMethod(TestInvoker.java:598)
at org.testng.internal.TestInvoker.invokeTestMethod(TestInvoker.java:173)
at org.testng.internal.MethodRunner.runInSequence(MethodRunner.java:46)
at org.testng.internal.TestInvoker$MethodInvocationAgent.invoke(TestInvoker.java:824)
at org.testng.internal.TestInvoker.invokeTestMethods(TestInvoker.java:146)
at org.testng.internal.TestMethodWorker.invokeTestMethods(TestMethodWorker.java:146)
at org.testng.internal.TestMethodWorker.run(TestMethodWorker.java:128)
at java.base/java.util.ArrayList.forEach(ArrayList.java:1597)
at org.testng.TestRunner.privateRun(TestRunner.java:794)
at org.testng.TestRunner.run(TestRunner.java:596)
at org.testng.SuiteRunner.runTest(SuiteRunner.java:377)
at org.testng.SuiteRunner.runSequentially(SuiteRunner.java:371)
at org.testng.SuiteRunner.privateRun(SuiteRunner.java:332)
at org.testng.SuiteRunner.run(SuiteRunner.java:276)
at org.testng.SuiteRunnerWorker.runSuite(SuiteRunnerWorker.java:53)
at org.testng.SuiteRunnerWorker.run(SuiteRunnerWorker.java:96)
at org.testng.TestNG.runSuitesSequentially(TestNG.java:1212)
at org.testng.TestNG.runSuitesLocally(TestNG.java:1134)
at org.testng.TestNG.runSuites(TestNG.java:1063)
at org.testng.TestNG.run(TestNG.java:1031)
at org.testng.remote.AbstractRemoteTestNG.run(AbstractRemoteTestNG.java:115)
at org.testng.remote.RemoteTestNG.initAndRun(RemoteTestNG.java:293)
at org.testng.remote.RemoteTestNG.main(RemoteTestNG.java:91)
]]>
            </full-stacktrace>
          </exception> <!-- java.lang.AssertionError -->
          <reporter-output>
          </reporter-output>
        </test-method> <!-- ContactUsPage -->
        <test-method signature="LogOut()[pri:10, instance:FinalProject.FinalProject.AppTest@10b9db7b]" started-at="2025-06-21T23:44:06 GMT+03:00" name="LogOut" finished-at="2025-06-21T23:44:11 GMT+03:00" duration-ms="4919" status="PASS">
          <reporter-output>
          </reporter-output>
        </test-method> <!-- LogOut -->
        <test-method is-config="true" signature="afterTest()[pri:0, instance:FinalProject.FinalProject.AppTest@10b9db7b]" started-at="2025-06-21T23:44:11 GMT+03:00" name="afterTest" finished-at="2025-06-21T23:44:11 GMT+03:00" duration-ms="609" status="PASS">
          <reporter-output>
          </reporter-output>
        </test-method> <!-- afterTest -->
      </class> <!-- FinalProject.FinalProject.AppTest -->
    </test> <!-- Default test -->
  </suite> <!-- Default suite -->
</testng-results>
